running egg_info
creating ../../build/ros2_tutorials_py/ros2_tutorials_py.egg-info
writing ../../build/ros2_tutorials_py/ros2_tutorials_py.egg-info/PKG-INFO
writing dependency_links to ../../build/ros2_tutorials_py/ros2_tutorials_py.egg-info/dependency_links.txt
writing entry points to ../../build/ros2_tutorials_py/ros2_tutorials_py.egg-info/entry_points.txt
writing requirements to ../../build/ros2_tutorials_py/ros2_tutorials_py.egg-info/requires.txt
writing top-level names to ../../build/ros2_tutorials_py/ros2_tutorials_py.egg-info/top_level.txt
writing manifest file '../../build/ros2_tutorials_py/ros2_tutorials_py.egg-info/SOURCES.txt'
reading manifest file '../../build/ros2_tutorials_py/ros2_tutorials_py.egg-info/SOURCES.txt'
writing manifest file '../../build/ros2_tutorials_py/ros2_tutorials_py.egg-info/SOURCES.txt'
running build
running build_py
creating /home/redshift/ros2_ws/build/ros2_tutorials_py/build
creating /home/redshift/ros2_ws/build/ros2_tutorials_py/build/lib
creating /home/redshift/ros2_ws/build/ros2_tutorials_py/build/lib/ros2_tutorials_py
copying ros2_tutorials_py/__init__.py -> /home/redshift/ros2_ws/build/ros2_tutorials_py/build/lib/ros2_tutorials_py
copying ros2_tutorials_py/april_tag.py -> /home/redshift/ros2_ws/build/ros2_tutorials_py/build/lib/ros2_tutorials_py
running install
running install_lib
creating /home/redshift/ros2_ws/install/ros2_tutorials_py/lib/python3.10/site-packages/ros2_tutorials_py
copying /home/redshift/ros2_ws/build/ros2_tutorials_py/build/lib/ros2_tutorials_py/__init__.py -> /home/redshift/ros2_ws/install/ros2_tutorials_py/lib/python3.10/site-packages/ros2_tutorials_py
copying /home/redshift/ros2_ws/build/ros2_tutorials_py/build/lib/ros2_tutorials_py/april_tag.py -> /home/redshift/ros2_ws/install/ros2_tutorials_py/lib/python3.10/site-packages/ros2_tutorials_py
byte-compiling /home/redshift/ros2_ws/install/ros2_tutorials_py/lib/python3.10/site-packages/ros2_tutorials_py/__init__.py to __init__.cpython-310.pyc
byte-compiling /home/redshift/ros2_ws/install/ros2_tutorials_py/lib/python3.10/site-packages/ros2_tutorials_py/april_tag.py to april_tag.cpython-310.pyc
running install_data
creating /home/redshift/ros2_ws/install/ros2_tutorials_py/share/ament_index
creating /home/redshift/ros2_ws/install/ros2_tutorials_py/share/ament_index/resource_index
creating /home/redshift/ros2_ws/install/ros2_tutorials_py/share/ament_index/resource_index/packages
copying resource/ros2_tutorials_py -> /home/redshift/ros2_ws/install/ros2_tutorials_py/share/ament_index/resource_index/packages
copying package.xml -> /home/redshift/ros2_ws/install/ros2_tutorials_py/share/ros2_tutorials_py
running install_egg_info
Copying ../../build/ros2_tutorials_py/ros2_tutorials_py.egg-info to /home/redshift/ros2_ws/install/ros2_tutorials_py/lib/python3.10/site-packages/ros2_tutorials_py-0.0.0-py3.10.egg-info
running install_scripts
Installing temperature_sensor script to /home/redshift/ros2_ws/install/ros2_tutorials_py/lib/ros2_tutorials_py
writing list of installed files to '/home/redshift/ros2_ws/build/ros2_tutorials_py/install.log'
