[0.615s] Invoking command in '/home/redshift/ros2_ws/src/ros2_tutorials_py': PYTHONPATH=/home/redshift/ros2_ws/build/ros2_tutorials_py/prefix_override:/home/redshift/ros2_ws/install/ros2_tutorials_py/lib/python3.10/site-packages:${PYTHONPATH} /usr/bin/python3 setup.py egg_info --egg-base ../../build/ros2_tutorials_py build --build-base /home/redshift/ros2_ws/build/ros2_tutorials_py/build install --record /home/redshift/ros2_ws/build/ros2_tutorials_py/install.log --single-version-externally-managed
[0.832s] running egg_info
[0.832s] creating ../../build/ros2_tutorials_py/ros2_tutorials_py.egg-info
[0.833s] writing ../../build/ros2_tutorials_py/ros2_tutorials_py.egg-info/PKG-INFO
[0.833s] writing dependency_links to ../../build/ros2_tutorials_py/ros2_tutorials_py.egg-info/dependency_links.txt
[0.833s] writing entry points to ../../build/ros2_tutorials_py/ros2_tutorials_py.egg-info/entry_points.txt
[0.833s] writing requirements to ../../build/ros2_tutorials_py/ros2_tutorials_py.egg-info/requires.txt
[0.833s] writing top-level names to ../../build/ros2_tutorials_py/ros2_tutorials_py.egg-info/top_level.txt
[0.833s] writing manifest file '../../build/ros2_tutorials_py/ros2_tutorials_py.egg-info/SOURCES.txt'
[0.835s] reading manifest file '../../build/ros2_tutorials_py/ros2_tutorials_py.egg-info/SOURCES.txt'
[0.835s] writing manifest file '../../build/ros2_tutorials_py/ros2_tutorials_py.egg-info/SOURCES.txt'
[0.835s] running build
[0.835s] running build_py
[0.835s] creating /home/redshift/ros2_ws/build/ros2_tutorials_py/build
[0.836s] creating /home/redshift/ros2_ws/build/ros2_tutorials_py/build/lib
[0.836s] creating /home/redshift/ros2_ws/build/ros2_tutorials_py/build/lib/ros2_tutorials_py
[0.836s] copying ros2_tutorials_py/__init__.py -> /home/redshift/ros2_ws/build/ros2_tutorials_py/build/lib/ros2_tutorials_py
[0.836s] copying ros2_tutorials_py/april_tag.py -> /home/redshift/ros2_ws/build/ros2_tutorials_py/build/lib/ros2_tutorials_py
[0.836s] running install
[0.836s] running install_lib
[0.836s] creating /home/redshift/ros2_ws/install/ros2_tutorials_py/lib/python3.10/site-packages/ros2_tutorials_py
[0.837s] copying /home/redshift/ros2_ws/build/ros2_tutorials_py/build/lib/ros2_tutorials_py/__init__.py -> /home/redshift/ros2_ws/install/ros2_tutorials_py/lib/python3.10/site-packages/ros2_tutorials_py
[0.837s] copying /home/redshift/ros2_ws/build/ros2_tutorials_py/build/lib/ros2_tutorials_py/april_tag.py -> /home/redshift/ros2_ws/install/ros2_tutorials_py/lib/python3.10/site-packages/ros2_tutorials_py
[0.837s] byte-compiling /home/redshift/ros2_ws/install/ros2_tutorials_py/lib/python3.10/site-packages/ros2_tutorials_py/__init__.py to __init__.cpython-310.pyc
[0.837s] byte-compiling /home/redshift/ros2_ws/install/ros2_tutorials_py/lib/python3.10/site-packages/ros2_tutorials_py/april_tag.py to april_tag.cpython-310.pyc
[0.837s] running install_data
[0.838s] creating /home/redshift/ros2_ws/install/ros2_tutorials_py/share/ament_index
[0.838s] creating /home/redshift/ros2_ws/install/ros2_tutorials_py/share/ament_index/resource_index
[0.838s] creating /home/redshift/ros2_ws/install/ros2_tutorials_py/share/ament_index/resource_index/packages
[0.838s] copying resource/ros2_tutorials_py -> /home/redshift/ros2_ws/install/ros2_tutorials_py/share/ament_index/resource_index/packages
[0.838s] copying package.xml -> /home/redshift/ros2_ws/install/ros2_tutorials_py/share/ros2_tutorials_py
[0.839s] running install_egg_info
[0.840s] Copying ../../build/ros2_tutorials_py/ros2_tutorials_py.egg-info to /home/redshift/ros2_ws/install/ros2_tutorials_py/lib/python3.10/site-packages/ros2_tutorials_py-0.0.0-py3.10.egg-info
[0.840s] running install_scripts
[0.856s] Installing temperature_sensor script to /home/redshift/ros2_ws/install/ros2_tutorials_py/lib/ros2_tutorials_py
[0.857s] writing list of installed files to '/home/redshift/ros2_ws/build/ros2_tutorials_py/install.log'
[0.875s] Invoked command in '/home/redshift/ros2_ws/src/ros2_tutorials_py' returned '0': PYTHONPATH=/home/redshift/ros2_ws/build/ros2_tutorials_py/prefix_override:/home/redshift/ros2_ws/install/ros2_tutorials_py/lib/python3.10/site-packages:${PYTHONPATH} /usr/bin/python3 setup.py egg_info --egg-base ../../build/ros2_tutorials_py build --build-base /home/redshift/ros2_ws/build/ros2_tutorials_py/build install --record /home/redshift/ros2_ws/build/ros2_tutorials_py/install.log --single-version-externally-managed
