[0.931s] DEBUG:colcon:Command line arguments: ['/usr/bin/colcon', 'build']
[0.931s] DEBUG:colcon:Parsed command line arguments: Namespace(log_base=None, log_level=None, verb_name='build', build_base='build', install_base='install', merge_install=False, symlink_install=False, test_result_base=None, continue_on_error=False, executor='parallel', parallel_workers=12, event_handlers=None, ignore_user_meta=False, metas=['./colcon.meta'], base_paths=['.'], packages_ignore=None, packages_ignore_regex=None, paths=None, packages_up_to=None, packages_up_to_regex=None, packages_above=None, packages_above_and_dependencies=None, packages_above_depth=None, packages_select_by_dep=None, packages_skip_by_dep=None, packages_skip_up_to=None, packages_select_build_failed=False, packages_skip_build_finished=False, packages_select_test_failures=False, packages_skip_test_passed=False, packages_select=None, packages_skip=None, packages_select_regex=None, packages_skip_regex=None, packages_start=None, packages_end=None, allow_overriding=[], cmake_args=None, cmake_target=None, cmake_target_skip_unavailable=False, cmake_clean_cache=False, cmake_clean_first=False, cmake_force_configure=False, ament_cmake_args=None, catkin_cmake_args=None, catkin_skip_building_tests=False, verb_parser=<colcon_defaults.argument_parser.defaults.DefaultArgumentsDecorator object at 0x7fd740e34460>, verb_extension=<colcon_core.verb.build.BuildVerb object at 0x7fd740ec2d70>, main=<bound method BuildVerb.main of <colcon_core.verb.build.BuildVerb object at 0x7fd740ec2d70>>)
[0.972s] Level 1:colcon.colcon_core.package_discovery:discover_packages(colcon_meta) check parameters
[0.973s] Level 1:colcon.colcon_core.package_discovery:discover_packages(recursive) check parameters
[0.973s] Level 1:colcon.colcon_core.package_discovery:discover_packages(ignore) check parameters
[0.973s] Level 1:colcon.colcon_core.package_discovery:discover_packages(path) check parameters
[0.973s] Level 1:colcon.colcon_core.package_discovery:discover_packages(colcon_meta) discover
[0.973s] Level 1:colcon.colcon_core.package_discovery:discover_packages(recursive) discover
[0.973s] INFO:colcon.colcon_core.package_discovery:Crawling recursively for packages in '/home/redshift/ros2_ws'
[0.973s] Level 1:colcon.colcon_core.package_identification:_identify(.) by extensions ['ignore', 'ignore_ament_install']
[0.973s] Level 1:colcon.colcon_core.package_identification:_identify(.) by extension 'ignore'
[0.973s] Level 1:colcon.colcon_core.package_identification:_identify(.) by extension 'ignore_ament_install'
[0.973s] Level 1:colcon.colcon_core.package_identification:_identify(.) by extensions ['colcon_pkg']
[0.973s] Level 1:colcon.colcon_core.package_identification:_identify(.) by extension 'colcon_pkg'
[0.973s] Level 1:colcon.colcon_core.package_identification:_identify(.) by extensions ['colcon_meta']
[0.973s] Level 1:colcon.colcon_core.package_identification:_identify(.) by extension 'colcon_meta'
[0.973s] Level 1:colcon.colcon_core.package_identification:_identify(.) by extensions ['ros']
[0.973s] Level 1:colcon.colcon_core.package_identification:_identify(.) by extension 'ros'
[0.983s] Level 1:colcon.colcon_core.package_identification:_identify(.) by extensions ['cmake', 'python']
[0.983s] Level 1:colcon.colcon_core.package_identification:_identify(.) by extension 'cmake'
[0.983s] Level 1:colcon.colcon_core.package_identification:_identify(.) by extension 'python'
[0.983s] Level 1:colcon.colcon_core.package_identification:_identify(.) by extensions ['python_setup_py']
[0.983s] Level 1:colcon.colcon_core.package_identification:_identify(.) by extension 'python_setup_py'
[0.983s] Level 1:colcon.colcon_core.package_identification:_identify(build) by extensions ['ignore', 'ignore_ament_install']
[0.983s] Level 1:colcon.colcon_core.package_identification:_identify(build) by extension 'ignore'
[0.983s] Level 1:colcon.colcon_core.package_identification:_identify(build) ignored
[0.983s] Level 1:colcon.colcon_core.package_identification:_identify(install) by extensions ['ignore', 'ignore_ament_install']
[0.983s] Level 1:colcon.colcon_core.package_identification:_identify(install) by extension 'ignore'
[0.983s] Level 1:colcon.colcon_core.package_identification:_identify(install) ignored
[0.983s] Level 1:colcon.colcon_core.package_identification:_identify(log) by extensions ['ignore', 'ignore_ament_install']
[0.983s] Level 1:colcon.colcon_core.package_identification:_identify(log) by extension 'ignore'
[0.983s] Level 1:colcon.colcon_core.package_identification:_identify(log) ignored
[0.984s] Level 1:colcon.colcon_core.package_identification:_identify(src) by extensions ['ignore', 'ignore_ament_install']
[0.984s] Level 1:colcon.colcon_core.package_identification:_identify(src) by extension 'ignore'
[0.984s] Level 1:colcon.colcon_core.package_identification:_identify(src) by extension 'ignore_ament_install'
[0.984s] Level 1:colcon.colcon_core.package_identification:_identify(src) by extensions ['colcon_pkg']
[0.984s] Level 1:colcon.colcon_core.package_identification:_identify(src) by extension 'colcon_pkg'
[0.984s] Level 1:colcon.colcon_core.package_identification:_identify(src) by extensions ['colcon_meta']
[0.984s] Level 1:colcon.colcon_core.package_identification:_identify(src) by extension 'colcon_meta'
[0.984s] Level 1:colcon.colcon_core.package_identification:_identify(src) by extensions ['ros']
[0.984s] Level 1:colcon.colcon_core.package_identification:_identify(src) by extension 'ros'
[0.984s] Level 1:colcon.colcon_core.package_identification:_identify(src) by extensions ['cmake', 'python']
[0.984s] Level 1:colcon.colcon_core.package_identification:_identify(src) by extension 'cmake'
[0.984s] Level 1:colcon.colcon_core.package_identification:_identify(src) by extension 'python'
[0.984s] Level 1:colcon.colcon_core.package_identification:_identify(src) by extensions ['python_setup_py']
[0.984s] Level 1:colcon.colcon_core.package_identification:_identify(src) by extension 'python_setup_py'
[0.984s] Level 1:colcon.colcon_core.package_identification:_identify(src/build) by extensions ['ignore', 'ignore_ament_install']
[0.984s] Level 1:colcon.colcon_core.package_identification:_identify(src/build) by extension 'ignore'
[0.984s] Level 1:colcon.colcon_core.package_identification:_identify(src/build) ignored
[0.984s] Level 1:colcon.colcon_core.package_identification:_identify(src/bz_package) by extensions ['ignore', 'ignore_ament_install']
[0.984s] Level 1:colcon.colcon_core.package_identification:_identify(src/bz_package) by extension 'ignore'
[0.984s] Level 1:colcon.colcon_core.package_identification:_identify(src/bz_package) by extension 'ignore_ament_install'
[0.985s] Level 1:colcon.colcon_core.package_identification:_identify(src/bz_package) by extensions ['colcon_pkg']
[0.985s] Level 1:colcon.colcon_core.package_identification:_identify(src/bz_package) by extension 'colcon_pkg'
[0.985s] Level 1:colcon.colcon_core.package_identification:_identify(src/bz_package) by extensions ['colcon_meta']
[0.985s] Level 1:colcon.colcon_core.package_identification:_identify(src/bz_package) by extension 'colcon_meta'
[0.985s] Level 1:colcon.colcon_core.package_identification:_identify(src/bz_package) by extensions ['ros']
[0.985s] Level 1:colcon.colcon_core.package_identification:_identify(src/bz_package) by extension 'ros'
[0.987s] DEBUG:colcon.colcon_core.package_identification:Package 'src/bz_package' with type 'ros.ament_python' and name 'bz_package'
[0.987s] Level 1:colcon.colcon_core.package_identification:_identify(src/install) by extensions ['ignore', 'ignore_ament_install']
[0.987s] Level 1:colcon.colcon_core.package_identification:_identify(src/install) by extension 'ignore'
[0.987s] Level 1:colcon.colcon_core.package_identification:_identify(src/install) ignored
[0.987s] Level 1:colcon.colcon_core.package_identification:_identify(src/log) by extensions ['ignore', 'ignore_ament_install']
[0.987s] Level 1:colcon.colcon_core.package_identification:_identify(src/log) by extension 'ignore'
[0.987s] Level 1:colcon.colcon_core.package_identification:_identify(src/log) ignored
[0.987s] Level 1:colcon.colcon_core.package_identification:_identify(src/my_package) by extensions ['ignore', 'ignore_ament_install']
[0.987s] Level 1:colcon.colcon_core.package_identification:_identify(src/my_package) by extension 'ignore'
[0.987s] Level 1:colcon.colcon_core.package_identification:_identify(src/my_package) by extension 'ignore_ament_install'
[0.987s] Level 1:colcon.colcon_core.package_identification:_identify(src/my_package) by extensions ['colcon_pkg']
[0.987s] Level 1:colcon.colcon_core.package_identification:_identify(src/my_package) by extension 'colcon_pkg'
[0.987s] Level 1:colcon.colcon_core.package_identification:_identify(src/my_package) by extensions ['colcon_meta']
[0.987s] Level 1:colcon.colcon_core.package_identification:_identify(src/my_package) by extension 'colcon_meta'
[0.987s] Level 1:colcon.colcon_core.package_identification:_identify(src/my_package) by extensions ['ros']
[0.987s] Level 1:colcon.colcon_core.package_identification:_identify(src/my_package) by extension 'ros'
[0.988s] DEBUG:colcon.colcon_core.package_identification:Package 'src/my_package' with type 'ros.ament_cmake' and name 'my_package'
[0.988s] Level 1:colcon.colcon_core.package_discovery:discover_packages(recursive) using defaults
[0.988s] Level 1:colcon.colcon_core.package_discovery:discover_packages(ignore) discover
[0.988s] Level 1:colcon.colcon_core.package_discovery:discover_packages(ignore) using defaults
[0.988s] Level 1:colcon.colcon_core.package_discovery:discover_packages(path) discover
[0.988s] Level 1:colcon.colcon_core.package_discovery:discover_packages(path) using defaults
[1.069s] Level 1:colcon.colcon_core.package_discovery:discover_packages(prefix_path) check parameters
[1.069s] Level 1:colcon.colcon_core.package_discovery:discover_packages(prefix_path) discover
[1.096s] DEBUG:colcon.colcon_installed_package_information.package_discovery:Found 2 installed packages in /home/redshift/ros2_ws/install
[1.110s] DEBUG:colcon.colcon_installed_package_information.package_discovery:Found 284 installed packages in /opt/ros/humble
[1.111s] Level 1:colcon.colcon_core.package_discovery:discover_packages(prefix_path) using defaults
[1.201s] Level 5:colcon.colcon_core.verb:set package 'bz_package' build argument 'cmake_args' from command line to 'None'
[1.201s] Level 5:colcon.colcon_core.verb:set package 'bz_package' build argument 'cmake_target' from command line to 'None'
[1.201s] Level 5:colcon.colcon_core.verb:set package 'bz_package' build argument 'cmake_target_skip_unavailable' from command line to 'False'
[1.201s] Level 5:colcon.colcon_core.verb:set package 'bz_package' build argument 'cmake_clean_cache' from command line to 'False'
[1.201s] Level 5:colcon.colcon_core.verb:set package 'bz_package' build argument 'cmake_clean_first' from command line to 'False'
[1.201s] Level 5:colcon.colcon_core.verb:set package 'bz_package' build argument 'cmake_force_configure' from command line to 'False'
[1.201s] Level 5:colcon.colcon_core.verb:set package 'bz_package' build argument 'ament_cmake_args' from command line to 'None'
[1.201s] Level 5:colcon.colcon_core.verb:set package 'bz_package' build argument 'catkin_cmake_args' from command line to 'None'
[1.201s] Level 5:colcon.colcon_core.verb:set package 'bz_package' build argument 'catkin_skip_building_tests' from command line to 'False'
[1.201s] DEBUG:colcon.colcon_core.verb:Building package 'bz_package' with the following arguments: {'ament_cmake_args': None, 'build_base': '/home/redshift/ros2_ws/build/bz_package', 'catkin_cmake_args': None, 'catkin_skip_building_tests': False, 'cmake_args': None, 'cmake_clean_cache': False, 'cmake_clean_first': False, 'cmake_force_configure': False, 'cmake_target': None, 'cmake_target_skip_unavailable': False, 'install_base': '/home/redshift/ros2_ws/install/bz_package', 'merge_install': False, 'path': '/home/redshift/ros2_ws/src/bz_package', 'symlink_install': False, 'test_result_base': None}
[1.214s] Level 5:colcon.colcon_core.verb:set package 'my_package' build argument 'cmake_args' from command line to 'None'
[1.214s] Level 5:colcon.colcon_core.verb:set package 'my_package' build argument 'cmake_target' from command line to 'None'
[1.214s] Level 5:colcon.colcon_core.verb:set package 'my_package' build argument 'cmake_target_skip_unavailable' from command line to 'False'
[1.215s] Level 5:colcon.colcon_core.verb:set package 'my_package' build argument 'cmake_clean_cache' from command line to 'False'
[1.215s] Level 5:colcon.colcon_core.verb:set package 'my_package' build argument 'cmake_clean_first' from command line to 'False'
[1.215s] Level 5:colcon.colcon_core.verb:set package 'my_package' build argument 'cmake_force_configure' from command line to 'False'
[1.215s] Level 5:colcon.colcon_core.verb:set package 'my_package' build argument 'ament_cmake_args' from command line to 'None'
[1.215s] Level 5:colcon.colcon_core.verb:set package 'my_package' build argument 'catkin_cmake_args' from command line to 'None'
[1.215s] Level 5:colcon.colcon_core.verb:set package 'my_package' build argument 'catkin_skip_building_tests' from command line to 'False'
[1.215s] DEBUG:colcon.colcon_core.verb:Building package 'my_package' with the following arguments: {'ament_cmake_args': None, 'build_base': '/home/redshift/ros2_ws/build/my_package', 'catkin_cmake_args': None, 'catkin_skip_building_tests': False, 'cmake_args': None, 'cmake_clean_cache': False, 'cmake_clean_first': False, 'cmake_force_configure': False, 'cmake_target': None, 'cmake_target_skip_unavailable': False, 'install_base': '/home/redshift/ros2_ws/install/my_package', 'merge_install': False, 'path': '/home/redshift/ros2_ws/src/my_package', 'symlink_install': False, 'test_result_base': None}
[1.228s] INFO:colcon.colcon_core.executor:Executing jobs using 'parallel' executor
[1.241s] DEBUG:colcon.colcon_parallel_executor.executor.parallel:run_until_complete
[1.241s] INFO:colcon.colcon_ros.task.ament_python.build:Building ROS package in '/home/redshift/ros2_ws/src/bz_package' with build type 'ament_python'
[1.241s] Level 1:colcon.colcon_core.shell:create_environment_hook('bz_package', 'ament_prefix_path')
[1.256s] INFO:colcon.colcon_core.plugin_system:Skipping extension 'colcon_core.shell.bat': Not used on non-Windows systems
[1.257s] INFO:colcon.colcon_core.shell:Creating environment hook '/home/redshift/ros2_ws/install/bz_package/share/bz_package/hook/ament_prefix_path.ps1'
[1.257s] INFO:colcon.colcon_core.shell:Creating environment descriptor '/home/redshift/ros2_ws/install/bz_package/share/bz_package/hook/ament_prefix_path.dsv'
[1.258s] INFO:colcon.colcon_core.shell:Creating environment hook '/home/redshift/ros2_ws/install/bz_package/share/bz_package/hook/ament_prefix_path.sh'
[1.272s] INFO:colcon.colcon_core.shell:Skip shell extension 'powershell' for command environment: Not usable outside of PowerShell
[1.272s] DEBUG:colcon.colcon_core.shell:Skip shell extension 'dsv' for command environment
[1.314s] INFO:colcon.colcon_ros.task.ament_cmake.build:Building ROS package in '/home/redshift/ros2_ws/src/my_package' with build type 'ament_cmake'
[1.314s] INFO:colcon.colcon_cmake.task.cmake.build:Building CMake package in '/home/redshift/ros2_ws/src/my_package'
[1.328s] INFO:colcon.colcon_core.shell:Skip shell extension 'powershell' for command environment: Not usable outside of PowerShell
[1.328s] DEBUG:colcon.colcon_core.shell:Skip shell extension 'dsv' for command environment
[1.612s] INFO:colcon.colcon_core.task.python.build:Building Python package in '/home/redshift/ros2_ws/src/bz_package'
[1.625s] INFO:colcon.colcon_core.shell:Skip shell extension 'powershell' for command environment: Not usable outside of PowerShell
[1.625s] DEBUG:colcon.colcon_core.shell:Skip shell extension 'dsv' for command environment
[1.671s] DEBUG:colcon.colcon_core.event_handler.log_command:Invoking command in '/home/redshift/ros2_ws/build/my_package': CMAKE_PREFIX_PATH=${CMAKE_PREFIX_PATH}:/home/redshift/ros2_ws/install/bz_package:/opt/ros/humble /usr/bin/cmake --build /home/redshift/ros2_ws/build/my_package -- -j12 -l12
[1.723s] DEBUG:colcon.colcon_core.event_handler.log_command:Invoked command in '/home/redshift/ros2_ws/build/my_package' returned '0': CMAKE_PREFIX_PATH=${CMAKE_PREFIX_PATH}:/home/redshift/ros2_ws/install/bz_package:/opt/ros/humble /usr/bin/cmake --build /home/redshift/ros2_ws/build/my_package -- -j12 -l12
[1.753s] DEBUG:colcon.colcon_core.event_handler.log_command:Invoking command in '/home/redshift/ros2_ws/build/my_package': CMAKE_PREFIX_PATH=${CMAKE_PREFIX_PATH}:/home/redshift/ros2_ws/install/bz_package:/opt/ros/humble /usr/bin/cmake --install /home/redshift/ros2_ws/build/my_package
[1.763s] Level 1:colcon.colcon_core.environment:create_environment_scripts_only(my_package)
[1.764s] DEBUG:colcon.colcon_core.event_handler.log_command:Invoked command in '/home/redshift/ros2_ws/build/my_package' returned '0': CMAKE_PREFIX_PATH=${CMAKE_PREFIX_PATH}:/home/redshift/ros2_ws/install/bz_package:/opt/ros/humble /usr/bin/cmake --install /home/redshift/ros2_ws/build/my_package
[1.781s] Level 1:colcon.colcon_core.environment:checking '/home/redshift/ros2_ws/install/my_package' for CMake module files
[1.781s] Level 1:colcon.colcon_core.environment:checking '/home/redshift/ros2_ws/install/my_package' for CMake config files
[1.781s] Level 1:colcon.colcon_core.shell:create_environment_hook('my_package', 'cmake_prefix_path')
[1.795s] INFO:colcon.colcon_core.shell:Creating environment hook '/home/redshift/ros2_ws/install/my_package/share/my_package/hook/cmake_prefix_path.ps1'
[1.795s] INFO:colcon.colcon_core.shell:Creating environment descriptor '/home/redshift/ros2_ws/install/my_package/share/my_package/hook/cmake_prefix_path.dsv'
[1.795s] INFO:colcon.colcon_core.shell:Creating environment hook '/home/redshift/ros2_ws/install/my_package/share/my_package/hook/cmake_prefix_path.sh'
[1.796s] Level 1:colcon.colcon_core.environment:checking '/home/redshift/ros2_ws/install/my_package/lib'
[1.796s] Level 1:colcon.colcon_core.environment:checking '/home/redshift/ros2_ws/install/my_package/bin'
[1.796s] Level 1:colcon.colcon_core.environment:checking '/home/redshift/ros2_ws/install/my_package/lib/pkgconfig/my_package.pc'
[1.796s] Level 1:colcon.colcon_core.environment:checking '/home/redshift/ros2_ws/install/my_package/lib/python3.10/site-packages'
[1.796s] Level 1:colcon.colcon_core.environment:checking '/home/redshift/ros2_ws/install/my_package/bin'
[1.810s] INFO:colcon.colcon_core.shell:Creating package script '/home/redshift/ros2_ws/install/my_package/share/my_package/package.ps1'
[1.810s] INFO:colcon.colcon_core.shell:Creating package descriptor '/home/redshift/ros2_ws/install/my_package/share/my_package/package.dsv'
[1.811s] INFO:colcon.colcon_core.shell:Creating package script '/home/redshift/ros2_ws/install/my_package/share/my_package/package.sh'
[1.811s] INFO:colcon.colcon_core.shell:Creating package script '/home/redshift/ros2_ws/install/my_package/share/my_package/package.bash'
[1.812s] INFO:colcon.colcon_core.shell:Creating package script '/home/redshift/ros2_ws/install/my_package/share/my_package/package.zsh'
[1.813s] Level 1:colcon.colcon_core.environment:create_file_with_runtime_dependencies(/home/redshift/ros2_ws/install/my_package/share/colcon-core/packages/my_package)
[1.848s] Level 1:colcon.colcon_core.environment:create_environment_scripts_only(my_package)
[1.862s] Level 1:colcon.colcon_core.environment:checking '/home/redshift/ros2_ws/install/my_package' for CMake module files
[1.862s] Level 1:colcon.colcon_core.environment:checking '/home/redshift/ros2_ws/install/my_package' for CMake config files
[1.862s] Level 1:colcon.colcon_core.shell:create_environment_hook('my_package', 'cmake_prefix_path')
[1.877s] INFO:colcon.colcon_core.shell:Creating environment hook '/home/redshift/ros2_ws/install/my_package/share/my_package/hook/cmake_prefix_path.ps1'
[1.877s] INFO:colcon.colcon_core.shell:Creating environment descriptor '/home/redshift/ros2_ws/install/my_package/share/my_package/hook/cmake_prefix_path.dsv'
[1.877s] INFO:colcon.colcon_core.shell:Creating environment hook '/home/redshift/ros2_ws/install/my_package/share/my_package/hook/cmake_prefix_path.sh'
[1.878s] Level 1:colcon.colcon_core.environment:checking '/home/redshift/ros2_ws/install/my_package/lib'
[1.878s] Level 1:colcon.colcon_core.environment:checking '/home/redshift/ros2_ws/install/my_package/bin'
[1.878s] Level 1:colcon.colcon_core.environment:checking '/home/redshift/ros2_ws/install/my_package/lib/pkgconfig/my_package.pc'
[1.878s] Level 1:colcon.colcon_core.environment:checking '/home/redshift/ros2_ws/install/my_package/lib/python3.10/site-packages'
[1.878s] Level 1:colcon.colcon_core.environment:checking '/home/redshift/ros2_ws/install/my_package/bin'
[1.892s] INFO:colcon.colcon_core.shell:Creating package script '/home/redshift/ros2_ws/install/my_package/share/my_package/package.ps1'
[1.893s] INFO:colcon.colcon_core.shell:Creating package descriptor '/home/redshift/ros2_ws/install/my_package/share/my_package/package.dsv'
[1.893s] INFO:colcon.colcon_core.shell:Creating package script '/home/redshift/ros2_ws/install/my_package/share/my_package/package.sh'
[1.893s] INFO:colcon.colcon_core.shell:Creating package script '/home/redshift/ros2_ws/install/my_package/share/my_package/package.bash'
[1.894s] INFO:colcon.colcon_core.shell:Creating package script '/home/redshift/ros2_ws/install/my_package/share/my_package/package.zsh'
[1.894s] Level 1:colcon.colcon_core.environment:create_file_with_runtime_dependencies(/home/redshift/ros2_ws/install/my_package/share/colcon-core/packages/my_package)
[1.978s] DEBUG:colcon.colcon_core.event_handler.log_command:Invoking command in '/home/redshift/ros2_ws/src/bz_package': PYTHONPATH=/home/redshift/ros2_ws/build/bz_package/prefix_override:/home/redshift/ros2_ws/install/bz_package/lib/python3.10/site-packages:${PYTHONPATH} /usr/bin/python3 setup.py egg_info --egg-base ../../build/bz_package build --build-base /home/redshift/ros2_ws/build/bz_package/build install --record /home/redshift/ros2_ws/build/bz_package/install.log --single-version-externally-managed
[2.239s] DEBUG:colcon.colcon_core.event_handler.log_command:Invoked command in '/home/redshift/ros2_ws/src/bz_package' returned '0': PYTHONPATH=/home/redshift/ros2_ws/build/bz_package/prefix_override:/home/redshift/ros2_ws/install/bz_package/lib/python3.10/site-packages:${PYTHONPATH} /usr/bin/python3 setup.py egg_info --egg-base ../../build/bz_package build --build-base /home/redshift/ros2_ws/build/bz_package/build install --record /home/redshift/ros2_ws/build/bz_package/install.log --single-version-externally-managed
[2.253s] Level 1:colcon.colcon_core.environment:checking '/home/redshift/ros2_ws/install/bz_package' for CMake module files
[2.253s] Level 1:colcon.colcon_core.environment:checking '/home/redshift/ros2_ws/install/bz_package' for CMake config files
[2.254s] Level 1:colcon.colcon_core.environment:checking '/home/redshift/ros2_ws/install/bz_package/lib'
[2.254s] Level 1:colcon.colcon_core.environment:checking '/home/redshift/ros2_ws/install/bz_package/bin'
[2.254s] Level 1:colcon.colcon_core.environment:checking '/home/redshift/ros2_ws/install/bz_package/lib/pkgconfig/bz_package.pc'
[2.254s] Level 1:colcon.colcon_core.environment:checking '/home/redshift/ros2_ws/install/bz_package/lib/python3.10/site-packages'
[2.254s] Level 1:colcon.colcon_core.shell:create_environment_hook('bz_package', 'pythonpath')
[2.268s] INFO:colcon.colcon_core.shell:Creating environment hook '/home/redshift/ros2_ws/install/bz_package/share/bz_package/hook/pythonpath.ps1'
[2.268s] INFO:colcon.colcon_core.shell:Creating environment descriptor '/home/redshift/ros2_ws/install/bz_package/share/bz_package/hook/pythonpath.dsv'
[2.268s] INFO:colcon.colcon_core.shell:Creating environment hook '/home/redshift/ros2_ws/install/bz_package/share/bz_package/hook/pythonpath.sh'
[2.269s] Level 1:colcon.colcon_core.environment:checking '/home/redshift/ros2_ws/install/bz_package/bin'
[2.269s] Level 1:colcon.colcon_core.environment:create_environment_scripts_only(bz_package)
[2.283s] INFO:colcon.colcon_core.shell:Creating package script '/home/redshift/ros2_ws/install/bz_package/share/bz_package/package.ps1'
[2.283s] INFO:colcon.colcon_core.shell:Creating package descriptor '/home/redshift/ros2_ws/install/bz_package/share/bz_package/package.dsv'
[2.283s] INFO:colcon.colcon_core.shell:Creating package script '/home/redshift/ros2_ws/install/bz_package/share/bz_package/package.sh'
[2.284s] INFO:colcon.colcon_core.shell:Creating package script '/home/redshift/ros2_ws/install/bz_package/share/bz_package/package.bash'
[2.284s] INFO:colcon.colcon_core.shell:Creating package script '/home/redshift/ros2_ws/install/bz_package/share/bz_package/package.zsh'
[2.284s] Level 1:colcon.colcon_core.environment:create_file_with_runtime_dependencies(/home/redshift/ros2_ws/install/bz_package/share/colcon-core/packages/bz_package)
[2.284s] DEBUG:colcon.colcon_parallel_executor.executor.parallel:closing loop
[2.285s] DEBUG:colcon.colcon_parallel_executor.executor.parallel:loop closed
[2.285s] DEBUG:colcon.colcon_parallel_executor.executor.parallel:run_until_complete finished with '0'
[2.285s] DEBUG:colcon.colcon_core.event_reactor:joining thread
[2.303s] INFO:colcon.colcon_core.plugin_system:Skipping extension 'colcon_notification.desktop_notification.terminal_notifier': Not used on non-Darwin systems
[2.303s] INFO:colcon.colcon_core.plugin_system:Skipping extension 'colcon_notification.desktop_notification.win32': Not used on non-Windows systems
[2.303s] INFO:colcon.colcon_notification.desktop_notification:Sending desktop notification using 'notify2'
[2.312s] DEBUG:colcon.colcon_core.event_reactor:joined thread
[2.327s] INFO:colcon.colcon_core.shell:Creating prefix script '/home/redshift/ros2_ws/install/local_setup.ps1'
[2.327s] INFO:colcon.colcon_core.shell:Creating prefix util module '/home/redshift/ros2_ws/install/_local_setup_util_ps1.py'
[2.329s] INFO:colcon.colcon_core.shell:Creating prefix chain script '/home/redshift/ros2_ws/install/setup.ps1'
[2.343s] INFO:colcon.colcon_core.shell:Creating prefix script '/home/redshift/ros2_ws/install/local_setup.sh'
[2.344s] INFO:colcon.colcon_core.shell:Creating prefix util module '/home/redshift/ros2_ws/install/_local_setup_util_sh.py'
[2.344s] INFO:colcon.colcon_core.shell:Creating prefix chain script '/home/redshift/ros2_ws/install/setup.sh'
[2.359s] INFO:colcon.colcon_core.shell:Creating prefix script '/home/redshift/ros2_ws/install/local_setup.bash'
[2.359s] INFO:colcon.colcon_core.shell:Creating prefix chain script '/home/redshift/ros2_ws/install/setup.bash'
[2.374s] INFO:colcon.colcon_core.shell:Creating prefix script '/home/redshift/ros2_ws/install/local_setup.zsh'
[2.374s] INFO:colcon.colcon_core.shell:Creating prefix chain script '/home/redshift/ros2_ws/install/setup.zsh'
