[0.336s] Invoking command in '/home/redshift/ros2_ws/build/my_package': CMAKE_PREFIX_PATH=${CMAKE_PREFIX_PATH}:/home/redshift/ros2_ws/install/bz_package:/opt/ros/humble /usr/bin/cmake --build /home/redshift/ros2_ws/build/my_package -- -j12 -l12
[0.369s] [35m[1mConsolidate compiler generated dependencies of target my_node[0m
[0.379s] [100%] Built target my_node
[0.389s] Invoked command in '/home/redshift/ros2_ws/build/my_package' returned '0': CMAKE_PREFIX_PATH=${CMAKE_PREFIX_PATH}:/home/redshift/ros2_ws/install/bz_package:/opt/ros/humble /usr/bin/cmake --build /home/redshift/ros2_ws/build/my_package -- -j12 -l12
[0.421s] Invoking command in '/home/redshift/ros2_ws/build/my_package': CMAKE_PREFIX_PATH=${CMAKE_PREFIX_PATH}:/home/redshift/ros2_ws/install/bz_package:/opt/ros/humble /usr/bin/cmake --install /home/redshift/ros2_ws/build/my_package
[0.427s] -- Install configuration: ""
[0.427s] -- Up-to-date: /home/redshift/ros2_ws/install/my_package/lib/my_package/my_node
[0.427s] -- Up-to-date: /home/redshift/ros2_ws/install/my_package/share/ament_index/resource_index/package_run_dependencies/my_package
[0.427s] -- Up-to-date: /home/redshift/ros2_ws/install/my_package/share/ament_index/resource_index/parent_prefix_path/my_package
[0.428s] -- Up-to-date: /home/redshift/ros2_ws/install/my_package/share/my_package/environment/ament_prefix_path.sh
[0.428s] -- Up-to-date: /home/redshift/ros2_ws/install/my_package/share/my_package/environment/ament_prefix_path.dsv
[0.428s] -- Up-to-date: /home/redshift/ros2_ws/install/my_package/share/my_package/environment/path.sh
[0.428s] -- Up-to-date: /home/redshift/ros2_ws/install/my_package/share/my_package/environment/path.dsv
[0.428s] -- Up-to-date: /home/redshift/ros2_ws/install/my_package/share/my_package/local_setup.bash
[0.428s] -- Up-to-date: /home/redshift/ros2_ws/install/my_package/share/my_package/local_setup.sh
[0.428s] -- Up-to-date: /home/redshift/ros2_ws/install/my_package/share/my_package/local_setup.zsh
[0.428s] -- Up-to-date: /home/redshift/ros2_ws/install/my_package/share/my_package/local_setup.dsv
[0.428s] -- Up-to-date: /home/redshift/ros2_ws/install/my_package/share/my_package/package.dsv
[0.428s] -- Up-to-date: /home/redshift/ros2_ws/install/my_package/share/ament_index/resource_index/packages/my_package
[0.428s] -- Up-to-date: /home/redshift/ros2_ws/install/my_package/share/my_package/cmake/my_packageConfig.cmake
[0.428s] -- Up-to-date: /home/redshift/ros2_ws/install/my_package/share/my_package/cmake/my_packageConfig-version.cmake
[0.428s] -- Up-to-date: /home/redshift/ros2_ws/install/my_package/share/my_package/package.xml
[0.429s] Invoked command in '/home/redshift/ros2_ws/build/my_package' returned '0': CMAKE_PREFIX_PATH=${CMAKE_PREFIX_PATH}:/home/redshift/ros2_ws/install/bz_package:/opt/ros/humble /usr/bin/cmake --install /home/redshift/ros2_ws/build/my_package
