running egg_info
writing ../../build/bz_package/bz_package.egg-info/PKG-INFO
writing dependency_links to ../../build/bz_package/bz_package.egg-info/dependency_links.txt
writing entry points to ../../build/bz_package/bz_package.egg-info/entry_points.txt
writing requirements to ../../build/bz_package/bz_package.egg-info/requires.txt
writing top-level names to ../../build/bz_package/bz_package.egg-info/top_level.txt
reading manifest file '../../build/bz_package/bz_package.egg-info/SOURCES.txt'
writing manifest file '../../build/bz_package/bz_package.egg-info/SOURCES.txt'
running build
running build_py
running install
/usr/lib/python3/dist-packages/setuptools/command/install.py:34: SetuptoolsDeprecationWarning: setup.py install is deprecated. Use build and pip and other standards-based tools.
  warnings.warn(
running install_lib
running install_data
running install_egg_info
removing '/home/redshift/ros2_ws/install/bz_package/lib/python3.10/site-packages/bz_package-0.0.0-py3.10.egg-info' (and everything under it)
Copying ../../build/bz_package/bz_package.egg-info to /home/redshift/ros2_ws/install/bz_package/lib/python3.10/site-packages/bz_package-0.0.0-py3.10.egg-info
running install_scripts
Installing bz_node script to /home/redshift/ros2_ws/install/bz_package/lib/bz_package
writing list of installed files to '/home/redshift/ros2_ws/build/bz_package/install.log'
