[0.357s] Invoking command in '/home/redshift/ros2_ws/build/my_package': CMAKE_PREFIX_PATH=${CMAKE_PREFIX_PATH}:/home/redshift/ros2_ws/install/bz_package:/opt/ros/humble /usr/bin/cmake --build /home/redshift/ros2_ws/build/my_package -- -j12 -l12
[0.399s] [100%] Built target my_node
[0.409s] Invoked command in '/home/redshift/ros2_ws/build/my_package' returned '0': CMAKE_PREFIX_PATH=${CMAKE_PREFIX_PATH}:/home/redshift/ros2_ws/install/bz_package:/opt/ros/humble /usr/bin/cmake --build /home/redshift/ros2_ws/build/my_package -- -j12 -l12
[0.439s] Invoking command in '/home/redshift/ros2_ws/build/my_package': CMAKE_PREFIX_PATH=${CMAKE_PREFIX_PATH}:/home/redshift/ros2_ws/install/bz_package:/opt/ros/humble /usr/bin/cmake --install /home/redshift/ros2_ws/build/my_package
[0.446s] -- Install configuration: ""
[0.447s] -- Up-to-date: /home/redshift/ros2_ws/install/my_package/lib/my_package/my_node
[0.447s] -- Up-to-date: /home/redshift/ros2_ws/install/my_package/share/ament_index/resource_index/package_run_dependencies/my_package
[0.447s] -- Up-to-date: /home/redshift/ros2_ws/install/my_package/share/ament_index/resource_index/parent_prefix_path/my_package
[0.447s] -- Up-to-date: /home/redshift/ros2_ws/install/my_package/share/my_package/environment/ament_prefix_path.sh
[0.447s] -- Up-to-date: /home/redshift/ros2_ws/install/my_package/share/my_package/environment/ament_prefix_path.dsv
[0.448s] -- Up-to-date: /home/redshift/ros2_ws/install/my_package/share/my_package/environment/path.sh
[0.448s] -- Up-to-date: /home/redshift/ros2_ws/install/my_package/share/my_package/environment/path.dsv
[0.448s] -- Up-to-date: /home/redshift/ros2_ws/install/my_package/share/my_package/local_setup.bash
[0.448s] -- Up-to-date: /home/redshift/ros2_ws/install/my_package/share/my_package/local_setup.sh
[0.448s] -- Up-to-date: /home/redshift/ros2_ws/install/my_package/share/my_package/local_setup.zsh
[0.448s] -- Up-to-date: /home/redshift/ros2_ws/install/my_package/share/my_package/local_setup.dsv
[0.448s] -- Installing: /home/redshift/ros2_ws/install/my_package/share/my_package/package.dsv
[0.448s] -- Up-to-date: /home/redshift/ros2_ws/install/my_package/share/ament_index/resource_index/packages/my_package
[0.449s] -- Up-to-date: /home/redshift/ros2_ws/install/my_package/share/my_package/cmake/my_packageConfig.cmake
[0.449s] -- Up-to-date: /home/redshift/ros2_ws/install/my_package/share/my_package/cmake/my_packageConfig-version.cmake
[0.450s] -- Up-to-date: /home/redshift/ros2_ws/install/my_package/share/my_package/package.xml
[0.450s] Invoked command in '/home/redshift/ros2_ws/build/my_package' returned '0': CMAKE_PREFIX_PATH=${CMAKE_PREFIX_PATH}:/home/redshift/ros2_ws/install/bz_package:/opt/ros/humble /usr/bin/cmake --install /home/redshift/ros2_ws/build/my_package
