[0.736s] Invoking command in '/home/redshift/ros2_ws/src/bz_package': PYTHONPATH=/home/redshift/ros2_ws/build/bz_package/prefix_override:/home/redshift/ros2_ws/install/bz_package/lib/python3.10/site-packages:${PYTHONPATH} /usr/bin/python3 setup.py egg_info --egg-base ../../build/bz_package build --build-base /home/redshift/ros2_ws/build/bz_package/build install --record /home/redshift/ros2_ws/build/bz_package/install.log --single-version-externally-managed
[0.954s] running egg_info
[0.954s] writing ../../build/bz_package/bz_package.egg-info/PKG-INFO
[0.955s] writing dependency_links to ../../build/bz_package/bz_package.egg-info/dependency_links.txt
[0.955s] writing entry points to ../../build/bz_package/bz_package.egg-info/entry_points.txt
[0.955s] writing requirements to ../../build/bz_package/bz_package.egg-info/requires.txt
[0.955s] writing top-level names to ../../build/bz_package/bz_package.egg-info/top_level.txt
[0.956s] reading manifest file '../../build/bz_package/bz_package.egg-info/SOURCES.txt'
[0.957s] writing manifest file '../../build/bz_package/bz_package.egg-info/SOURCES.txt'
[0.957s] running build
[0.958s] running build_py
[0.958s] running install
[0.958s] running install_lib
[0.959s] running install_data
[0.959s] running install_egg_info
[0.961s] removing '/home/redshift/ros2_ws/install/bz_package/lib/python3.10/site-packages/bz_package-0.0.0-py3.10.egg-info' (and everything under it)
[0.961s] Copying ../../build/bz_package/bz_package.egg-info to /home/redshift/ros2_ws/install/bz_package/lib/python3.10/site-packages/bz_package-0.0.0-py3.10.egg-info
[0.962s] running install_scripts
[0.978s] Installing bz_node script to /home/redshift/ros2_ws/install/bz_package/lib/bz_package
[0.978s] writing list of installed files to '/home/redshift/ros2_ws/build/bz_package/install.log'
[0.997s] Invoked command in '/home/redshift/ros2_ws/src/bz_package' returned '0': PYTHONPATH=/home/redshift/ros2_ws/build/bz_package/prefix_override:/home/redshift/ros2_ws/install/bz_package/lib/python3.10/site-packages:${PYTHONPATH} /usr/bin/python3 setup.py egg_info --egg-base ../../build/bz_package build --build-base /home/redshift/ros2_ws/build/bz_package/build install --record /home/redshift/ros2_ws/build/bz_package/install.log --single-version-externally-managed
