[0.927s] DEBUG:colcon:Command line arguments: ['/usr/bin/colcon', 'build']
[0.927s] DEBUG:colcon:Parsed command line arguments: Namespace(log_base=None, log_level=None, verb_name='build', build_base='build', install_base='install', merge_install=False, symlink_install=False, test_result_base=None, continue_on_error=False, executor='parallel', parallel_workers=12, event_handlers=None, ignore_user_meta=False, metas=['./colcon.meta'], base_paths=['.'], packages_ignore=None, packages_ignore_regex=None, paths=None, packages_up_to=None, packages_up_to_regex=None, packages_above=None, packages_above_and_dependencies=None, packages_above_depth=None, packages_select_by_dep=None, packages_skip_by_dep=None, packages_skip_up_to=None, packages_select_build_failed=False, packages_skip_build_finished=False, packages_select_test_failures=False, packages_skip_test_passed=False, packages_select=None, packages_skip=None, packages_select_regex=None, packages_skip_regex=None, packages_start=None, packages_end=None, allow_overriding=[], cmake_args=None, cmake_target=None, cmake_target_skip_unavailable=False, cmake_clean_cache=False, cmake_clean_first=False, cmake_force_configure=False, ament_cmake_args=None, catkin_cmake_args=None, catkin_skip_building_tests=False, verb_parser=<colcon_defaults.argument_parser.defaults.DefaultArgumentsDecorator object at 0x7f3164450a60>, verb_extension=<colcon_core.verb.build.BuildVerb object at 0x7f3164452740>, main=<bound method BuildVerb.main of <colcon_core.verb.build.BuildVerb object at 0x7f3164452740>>)
[0.970s] Level 1:colcon.colcon_core.package_discovery:discover_packages(colcon_meta) check parameters
[0.970s] Level 1:colcon.colcon_core.package_discovery:discover_packages(recursive) check parameters
[0.970s] Level 1:colcon.colcon_core.package_discovery:discover_packages(ignore) check parameters
[0.970s] Level 1:colcon.colcon_core.package_discovery:discover_packages(path) check parameters
[0.970s] Level 1:colcon.colcon_core.package_discovery:discover_packages(colcon_meta) discover
[0.970s] Level 1:colcon.colcon_core.package_discovery:discover_packages(recursive) discover
[0.970s] INFO:colcon.colcon_core.package_discovery:Crawling recursively for packages in '/home/redshift/ros2_ws'
[0.970s] Level 1:colcon.colcon_core.package_identification:_identify(.) by extensions ['ignore', 'ignore_ament_install']
[0.970s] Level 1:colcon.colcon_core.package_identification:_identify(.) by extension 'ignore'
[0.970s] Level 1:colcon.colcon_core.package_identification:_identify(.) by extension 'ignore_ament_install'
[0.970s] Level 1:colcon.colcon_core.package_identification:_identify(.) by extensions ['colcon_pkg']
[0.970s] Level 1:colcon.colcon_core.package_identification:_identify(.) by extension 'colcon_pkg'
[0.971s] Level 1:colcon.colcon_core.package_identification:_identify(.) by extensions ['colcon_meta']
[0.971s] Level 1:colcon.colcon_core.package_identification:_identify(.) by extension 'colcon_meta'
[0.971s] Level 1:colcon.colcon_core.package_identification:_identify(.) by extensions ['ros']
[0.971s] Level 1:colcon.colcon_core.package_identification:_identify(.) by extension 'ros'
[0.981s] Level 1:colcon.colcon_core.package_identification:_identify(.) by extensions ['cmake', 'python']
[0.981s] Level 1:colcon.colcon_core.package_identification:_identify(.) by extension 'cmake'
[0.981s] Level 1:colcon.colcon_core.package_identification:_identify(.) by extension 'python'
[0.981s] Level 1:colcon.colcon_core.package_identification:_identify(.) by extensions ['python_setup_py']
[0.981s] Level 1:colcon.colcon_core.package_identification:_identify(.) by extension 'python_setup_py'
[0.981s] Level 1:colcon.colcon_core.package_identification:_identify(build) by extensions ['ignore', 'ignore_ament_install']
[0.981s] Level 1:colcon.colcon_core.package_identification:_identify(build) by extension 'ignore'
[0.981s] Level 1:colcon.colcon_core.package_identification:_identify(build) ignored
[0.981s] Level 1:colcon.colcon_core.package_identification:_identify(install) by extensions ['ignore', 'ignore_ament_install']
[0.981s] Level 1:colcon.colcon_core.package_identification:_identify(install) by extension 'ignore'
[0.981s] Level 1:colcon.colcon_core.package_identification:_identify(install) ignored
[0.981s] Level 1:colcon.colcon_core.package_identification:_identify(log) by extensions ['ignore', 'ignore_ament_install']
[0.981s] Level 1:colcon.colcon_core.package_identification:_identify(log) by extension 'ignore'
[0.981s] Level 1:colcon.colcon_core.package_identification:_identify(log) ignored
[0.981s] Level 1:colcon.colcon_core.package_identification:_identify(src) by extensions ['ignore', 'ignore_ament_install']
[0.981s] Level 1:colcon.colcon_core.package_identification:_identify(src) by extension 'ignore'
[0.982s] Level 1:colcon.colcon_core.package_identification:_identify(src) by extension 'ignore_ament_install'
[0.982s] Level 1:colcon.colcon_core.package_identification:_identify(src) by extensions ['colcon_pkg']
[0.982s] Level 1:colcon.colcon_core.package_identification:_identify(src) by extension 'colcon_pkg'
[0.982s] Level 1:colcon.colcon_core.package_identification:_identify(src) by extensions ['colcon_meta']
[0.982s] Level 1:colcon.colcon_core.package_identification:_identify(src) by extension 'colcon_meta'
[0.982s] Level 1:colcon.colcon_core.package_identification:_identify(src) by extensions ['ros']
[0.982s] Level 1:colcon.colcon_core.package_identification:_identify(src) by extension 'ros'
[0.982s] Level 1:colcon.colcon_core.package_identification:_identify(src) by extensions ['cmake', 'python']
[0.982s] Level 1:colcon.colcon_core.package_identification:_identify(src) by extension 'cmake'
[0.982s] Level 1:colcon.colcon_core.package_identification:_identify(src) by extension 'python'
[0.982s] Level 1:colcon.colcon_core.package_identification:_identify(src) by extensions ['python_setup_py']
[0.982s] Level 1:colcon.colcon_core.package_identification:_identify(src) by extension 'python_setup_py'
[0.982s] Level 1:colcon.colcon_core.package_identification:_identify(src/build) by extensions ['ignore', 'ignore_ament_install']
[0.982s] Level 1:colcon.colcon_core.package_identification:_identify(src/build) by extension 'ignore'
[0.982s] Level 1:colcon.colcon_core.package_identification:_identify(src/build) ignored
[0.982s] Level 1:colcon.colcon_core.package_identification:_identify(src/bz_package) by extensions ['ignore', 'ignore_ament_install']
[0.982s] Level 1:colcon.colcon_core.package_identification:_identify(src/bz_package) by extension 'ignore'
[0.982s] Level 1:colcon.colcon_core.package_identification:_identify(src/bz_package) by extension 'ignore_ament_install'
[0.982s] Level 1:colcon.colcon_core.package_identification:_identify(src/bz_package) by extensions ['colcon_pkg']
[0.982s] Level 1:colcon.colcon_core.package_identification:_identify(src/bz_package) by extension 'colcon_pkg'
[0.982s] Level 1:colcon.colcon_core.package_identification:_identify(src/bz_package) by extensions ['colcon_meta']
[0.982s] Level 1:colcon.colcon_core.package_identification:_identify(src/bz_package) by extension 'colcon_meta'
[0.982s] Level 1:colcon.colcon_core.package_identification:_identify(src/bz_package) by extensions ['ros']
[0.983s] Level 1:colcon.colcon_core.package_identification:_identify(src/bz_package) by extension 'ros'
[0.984s] DEBUG:colcon.colcon_core.package_identification:Package 'src/bz_package' with type 'ros.ament_python' and name 'bz_package'
[0.985s] Level 1:colcon.colcon_core.package_identification:_identify(src/install) by extensions ['ignore', 'ignore_ament_install']
[0.985s] Level 1:colcon.colcon_core.package_identification:_identify(src/install) by extension 'ignore'
[0.985s] Level 1:colcon.colcon_core.package_identification:_identify(src/install) ignored
[0.985s] Level 1:colcon.colcon_core.package_identification:_identify(src/log) by extensions ['ignore', 'ignore_ament_install']
[0.985s] Level 1:colcon.colcon_core.package_identification:_identify(src/log) by extension 'ignore'
[0.985s] Level 1:colcon.colcon_core.package_identification:_identify(src/log) ignored
[0.985s] Level 1:colcon.colcon_core.package_identification:_identify(src/my_package) by extensions ['ignore', 'ignore_ament_install']
[0.985s] Level 1:colcon.colcon_core.package_identification:_identify(src/my_package) by extension 'ignore'
[0.985s] Level 1:colcon.colcon_core.package_identification:_identify(src/my_package) by extension 'ignore_ament_install'
[0.985s] Level 1:colcon.colcon_core.package_identification:_identify(src/my_package) by extensions ['colcon_pkg']
[0.985s] Level 1:colcon.colcon_core.package_identification:_identify(src/my_package) by extension 'colcon_pkg'
[0.985s] Level 1:colcon.colcon_core.package_identification:_identify(src/my_package) by extensions ['colcon_meta']
[0.985s] Level 1:colcon.colcon_core.package_identification:_identify(src/my_package) by extension 'colcon_meta'
[0.985s] Level 1:colcon.colcon_core.package_identification:_identify(src/my_package) by extensions ['ros']
[0.985s] Level 1:colcon.colcon_core.package_identification:_identify(src/my_package) by extension 'ros'
[0.986s] DEBUG:colcon.colcon_core.package_identification:Package 'src/my_package' with type 'ros.ament_cmake' and name 'my_package'
[0.986s] Level 1:colcon.colcon_core.package_discovery:discover_packages(recursive) using defaults
[0.986s] Level 1:colcon.colcon_core.package_discovery:discover_packages(ignore) discover
[0.986s] Level 1:colcon.colcon_core.package_discovery:discover_packages(ignore) using defaults
[0.986s] Level 1:colcon.colcon_core.package_discovery:discover_packages(path) discover
[0.986s] Level 1:colcon.colcon_core.package_discovery:discover_packages(path) using defaults
[1.067s] Level 1:colcon.colcon_core.package_discovery:discover_packages(prefix_path) check parameters
[1.067s] Level 1:colcon.colcon_core.package_discovery:discover_packages(prefix_path) discover
[1.094s] DEBUG:colcon.colcon_installed_package_information.package_discovery:Found 2 installed packages in /home/redshift/ros2_ws/install
[1.108s] DEBUG:colcon.colcon_installed_package_information.package_discovery:Found 284 installed packages in /opt/ros/humble
[1.110s] Level 1:colcon.colcon_core.package_discovery:discover_packages(prefix_path) using defaults
[1.191s] Level 5:colcon.colcon_core.verb:set package 'bz_package' build argument 'cmake_args' from command line to 'None'
[1.191s] Level 5:colcon.colcon_core.verb:set package 'bz_package' build argument 'cmake_target' from command line to 'None'
[1.191s] Level 5:colcon.colcon_core.verb:set package 'bz_package' build argument 'cmake_target_skip_unavailable' from command line to 'False'
[1.191s] Level 5:colcon.colcon_core.verb:set package 'bz_package' build argument 'cmake_clean_cache' from command line to 'False'
[1.191s] Level 5:colcon.colcon_core.verb:set package 'bz_package' build argument 'cmake_clean_first' from command line to 'False'
[1.191s] Level 5:colcon.colcon_core.verb:set package 'bz_package' build argument 'cmake_force_configure' from command line to 'False'
[1.191s] Level 5:colcon.colcon_core.verb:set package 'bz_package' build argument 'ament_cmake_args' from command line to 'None'
[1.191s] Level 5:colcon.colcon_core.verb:set package 'bz_package' build argument 'catkin_cmake_args' from command line to 'None'
[1.191s] Level 5:colcon.colcon_core.verb:set package 'bz_package' build argument 'catkin_skip_building_tests' from command line to 'False'
[1.191s] DEBUG:colcon.colcon_core.verb:Building package 'bz_package' with the following arguments: {'ament_cmake_args': None, 'build_base': '/home/redshift/ros2_ws/build/bz_package', 'catkin_cmake_args': None, 'catkin_skip_building_tests': False, 'cmake_args': None, 'cmake_clean_cache': False, 'cmake_clean_first': False, 'cmake_force_configure': False, 'cmake_target': None, 'cmake_target_skip_unavailable': False, 'install_base': '/home/redshift/ros2_ws/install/bz_package', 'merge_install': False, 'path': '/home/redshift/ros2_ws/src/bz_package', 'symlink_install': False, 'test_result_base': None}
[1.205s] Level 5:colcon.colcon_core.verb:set package 'my_package' build argument 'cmake_args' from command line to 'None'
[1.205s] Level 5:colcon.colcon_core.verb:set package 'my_package' build argument 'cmake_target' from command line to 'None'
[1.205s] Level 5:colcon.colcon_core.verb:set package 'my_package' build argument 'cmake_target_skip_unavailable' from command line to 'False'
[1.205s] Level 5:colcon.colcon_core.verb:set package 'my_package' build argument 'cmake_clean_cache' from command line to 'False'
[1.205s] Level 5:colcon.colcon_core.verb:set package 'my_package' build argument 'cmake_clean_first' from command line to 'False'
[1.205s] Level 5:colcon.colcon_core.verb:set package 'my_package' build argument 'cmake_force_configure' from command line to 'False'
[1.205s] Level 5:colcon.colcon_core.verb:set package 'my_package' build argument 'ament_cmake_args' from command line to 'None'
[1.205s] Level 5:colcon.colcon_core.verb:set package 'my_package' build argument 'catkin_cmake_args' from command line to 'None'
[1.205s] Level 5:colcon.colcon_core.verb:set package 'my_package' build argument 'catkin_skip_building_tests' from command line to 'False'
[1.205s] DEBUG:colcon.colcon_core.verb:Building package 'my_package' with the following arguments: {'ament_cmake_args': None, 'build_base': '/home/redshift/ros2_ws/build/my_package', 'catkin_cmake_args': None, 'catkin_skip_building_tests': False, 'cmake_args': None, 'cmake_clean_cache': False, 'cmake_clean_first': False, 'cmake_force_configure': False, 'cmake_target': None, 'cmake_target_skip_unavailable': False, 'install_base': '/home/redshift/ros2_ws/install/my_package', 'merge_install': False, 'path': '/home/redshift/ros2_ws/src/my_package', 'symlink_install': False, 'test_result_base': None}
[1.218s] INFO:colcon.colcon_core.executor:Executing jobs using 'parallel' executor
[1.231s] DEBUG:colcon.colcon_parallel_executor.executor.parallel:run_until_complete
[1.231s] INFO:colcon.colcon_ros.task.ament_python.build:Building ROS package in '/home/redshift/ros2_ws/src/bz_package' with build type 'ament_python'
[1.231s] Level 1:colcon.colcon_core.shell:create_environment_hook('bz_package', 'ament_prefix_path')
[1.246s] INFO:colcon.colcon_core.plugin_system:Skipping extension 'colcon_core.shell.bat': Not used on non-Windows systems
[1.246s] INFO:colcon.colcon_core.shell:Creating environment hook '/home/redshift/ros2_ws/install/bz_package/share/bz_package/hook/ament_prefix_path.ps1'
[1.247s] INFO:colcon.colcon_core.shell:Creating environment descriptor '/home/redshift/ros2_ws/install/bz_package/share/bz_package/hook/ament_prefix_path.dsv'
[1.247s] INFO:colcon.colcon_core.shell:Creating environment hook '/home/redshift/ros2_ws/install/bz_package/share/bz_package/hook/ament_prefix_path.sh'
[1.262s] INFO:colcon.colcon_core.shell:Skip shell extension 'powershell' for command environment: Not usable outside of PowerShell
[1.262s] DEBUG:colcon.colcon_core.shell:Skip shell extension 'dsv' for command environment
[1.311s] INFO:colcon.colcon_ros.task.ament_cmake.build:Building ROS package in '/home/redshift/ros2_ws/src/my_package' with build type 'ament_cmake'
[1.311s] INFO:colcon.colcon_cmake.task.cmake.build:Building CMake package in '/home/redshift/ros2_ws/src/my_package'
[1.325s] INFO:colcon.colcon_core.shell:Skip shell extension 'powershell' for command environment: Not usable outside of PowerShell
[1.325s] DEBUG:colcon.colcon_core.shell:Skip shell extension 'dsv' for command environment
[1.588s] INFO:colcon.colcon_core.task.python.build:Building Python package in '/home/redshift/ros2_ws/src/bz_package'
[1.601s] INFO:colcon.colcon_core.shell:Skip shell extension 'powershell' for command environment: Not usable outside of PowerShell
[1.602s] DEBUG:colcon.colcon_core.shell:Skip shell extension 'dsv' for command environment
[1.648s] DEBUG:colcon.colcon_core.event_handler.log_command:Invoking command in '/home/redshift/ros2_ws/build/my_package': CMAKE_PREFIX_PATH=${CMAKE_PREFIX_PATH}:/home/redshift/ros2_ws/install/bz_package:/opt/ros/humble /usr/bin/cmake --build /home/redshift/ros2_ws/build/my_package -- -j12 -l12
[1.701s] DEBUG:colcon.colcon_core.event_handler.log_command:Invoked command in '/home/redshift/ros2_ws/build/my_package' returned '0': CMAKE_PREFIX_PATH=${CMAKE_PREFIX_PATH}:/home/redshift/ros2_ws/install/bz_package:/opt/ros/humble /usr/bin/cmake --build /home/redshift/ros2_ws/build/my_package -- -j12 -l12
[1.732s] DEBUG:colcon.colcon_core.event_handler.log_command:Invoking command in '/home/redshift/ros2_ws/build/my_package': CMAKE_PREFIX_PATH=${CMAKE_PREFIX_PATH}:/home/redshift/ros2_ws/install/bz_package:/opt/ros/humble /usr/bin/cmake --install /home/redshift/ros2_ws/build/my_package
[1.740s] Level 1:colcon.colcon_core.environment:create_environment_scripts_only(my_package)
[1.741s] DEBUG:colcon.colcon_core.event_handler.log_command:Invoked command in '/home/redshift/ros2_ws/build/my_package' returned '0': CMAKE_PREFIX_PATH=${CMAKE_PREFIX_PATH}:/home/redshift/ros2_ws/install/bz_package:/opt/ros/humble /usr/bin/cmake --install /home/redshift/ros2_ws/build/my_package
[1.756s] Level 1:colcon.colcon_core.environment:checking '/home/redshift/ros2_ws/install/my_package' for CMake module files
[1.757s] Level 1:colcon.colcon_core.environment:checking '/home/redshift/ros2_ws/install/my_package' for CMake config files
[1.757s] Level 1:colcon.colcon_core.shell:create_environment_hook('my_package', 'cmake_prefix_path')
[1.770s] INFO:colcon.colcon_core.shell:Creating environment hook '/home/redshift/ros2_ws/install/my_package/share/my_package/hook/cmake_prefix_path.ps1'
[1.771s] INFO:colcon.colcon_core.shell:Creating environment descriptor '/home/redshift/ros2_ws/install/my_package/share/my_package/hook/cmake_prefix_path.dsv'
[1.771s] INFO:colcon.colcon_core.shell:Creating environment hook '/home/redshift/ros2_ws/install/my_package/share/my_package/hook/cmake_prefix_path.sh'
[1.772s] Level 1:colcon.colcon_core.environment:checking '/home/redshift/ros2_ws/install/my_package/lib'
[1.772s] Level 1:colcon.colcon_core.environment:checking '/home/redshift/ros2_ws/install/my_package/bin'
[1.772s] Level 1:colcon.colcon_core.environment:checking '/home/redshift/ros2_ws/install/my_package/lib/pkgconfig/my_package.pc'
[1.772s] Level 1:colcon.colcon_core.environment:checking '/home/redshift/ros2_ws/install/my_package/lib/python3.10/site-packages'
[1.772s] Level 1:colcon.colcon_core.environment:checking '/home/redshift/ros2_ws/install/my_package/bin'
[1.786s] INFO:colcon.colcon_core.shell:Creating package script '/home/redshift/ros2_ws/install/my_package/share/my_package/package.ps1'
[1.786s] INFO:colcon.colcon_core.shell:Creating package descriptor '/home/redshift/ros2_ws/install/my_package/share/my_package/package.dsv'
[1.787s] INFO:colcon.colcon_core.shell:Creating package script '/home/redshift/ros2_ws/install/my_package/share/my_package/package.sh'
[1.787s] INFO:colcon.colcon_core.shell:Creating package script '/home/redshift/ros2_ws/install/my_package/share/my_package/package.bash'
[1.788s] INFO:colcon.colcon_core.shell:Creating package script '/home/redshift/ros2_ws/install/my_package/share/my_package/package.zsh'
[1.788s] Level 1:colcon.colcon_core.environment:create_file_with_runtime_dependencies(/home/redshift/ros2_ws/install/my_package/share/colcon-core/packages/my_package)
[1.823s] Level 1:colcon.colcon_core.environment:create_environment_scripts_only(my_package)
[1.837s] Level 1:colcon.colcon_core.environment:checking '/home/redshift/ros2_ws/install/my_package' for CMake module files
[1.838s] Level 1:colcon.colcon_core.environment:checking '/home/redshift/ros2_ws/install/my_package' for CMake config files
[1.838s] Level 1:colcon.colcon_core.shell:create_environment_hook('my_package', 'cmake_prefix_path')
[1.851s] INFO:colcon.colcon_core.shell:Creating environment hook '/home/redshift/ros2_ws/install/my_package/share/my_package/hook/cmake_prefix_path.ps1'
[1.852s] INFO:colcon.colcon_core.shell:Creating environment descriptor '/home/redshift/ros2_ws/install/my_package/share/my_package/hook/cmake_prefix_path.dsv'
[1.852s] INFO:colcon.colcon_core.shell:Creating environment hook '/home/redshift/ros2_ws/install/my_package/share/my_package/hook/cmake_prefix_path.sh'
[1.852s] Level 1:colcon.colcon_core.environment:checking '/home/redshift/ros2_ws/install/my_package/lib'
[1.852s] Level 1:colcon.colcon_core.environment:checking '/home/redshift/ros2_ws/install/my_package/bin'
[1.853s] Level 1:colcon.colcon_core.environment:checking '/home/redshift/ros2_ws/install/my_package/lib/pkgconfig/my_package.pc'
[1.853s] Level 1:colcon.colcon_core.environment:checking '/home/redshift/ros2_ws/install/my_package/lib/python3.10/site-packages'
[1.853s] Level 1:colcon.colcon_core.environment:checking '/home/redshift/ros2_ws/install/my_package/bin'
[1.867s] INFO:colcon.colcon_core.shell:Creating package script '/home/redshift/ros2_ws/install/my_package/share/my_package/package.ps1'
[1.868s] INFO:colcon.colcon_core.shell:Creating package descriptor '/home/redshift/ros2_ws/install/my_package/share/my_package/package.dsv'
[1.868s] INFO:colcon.colcon_core.shell:Creating package script '/home/redshift/ros2_ws/install/my_package/share/my_package/package.sh'
[1.868s] INFO:colcon.colcon_core.shell:Creating package script '/home/redshift/ros2_ws/install/my_package/share/my_package/package.bash'
[1.869s] INFO:colcon.colcon_core.shell:Creating package script '/home/redshift/ros2_ws/install/my_package/share/my_package/package.zsh'
[1.869s] Level 1:colcon.colcon_core.environment:create_file_with_runtime_dependencies(/home/redshift/ros2_ws/install/my_package/share/colcon-core/packages/my_package)
[1.928s] DEBUG:colcon.colcon_core.event_handler.log_command:Invoking command in '/home/redshift/ros2_ws/src/bz_package': PYTHONPATH=/home/redshift/ros2_ws/build/bz_package/prefix_override:/home/redshift/ros2_ws/install/bz_package/lib/python3.10/site-packages:${PYTHONPATH} /usr/bin/python3 setup.py egg_info --egg-base ../../build/bz_package build --build-base /home/redshift/ros2_ws/build/bz_package/build install --record /home/redshift/ros2_ws/build/bz_package/install.log --single-version-externally-managed
[2.173s] DEBUG:colcon.colcon_core.event_handler.log_command:Invoked command in '/home/redshift/ros2_ws/src/bz_package' returned '0': PYTHONPATH=/home/redshift/ros2_ws/build/bz_package/prefix_override:/home/redshift/ros2_ws/install/bz_package/lib/python3.10/site-packages:${PYTHONPATH} /usr/bin/python3 setup.py egg_info --egg-base ../../build/bz_package build --build-base /home/redshift/ros2_ws/build/bz_package/build install --record /home/redshift/ros2_ws/build/bz_package/install.log --single-version-externally-managed
[2.187s] Level 1:colcon.colcon_core.environment:checking '/home/redshift/ros2_ws/install/bz_package' for CMake module files
[2.187s] Level 1:colcon.colcon_core.environment:checking '/home/redshift/ros2_ws/install/bz_package' for CMake config files
[2.188s] Level 1:colcon.colcon_core.environment:checking '/home/redshift/ros2_ws/install/bz_package/lib'
[2.188s] Level 1:colcon.colcon_core.environment:checking '/home/redshift/ros2_ws/install/bz_package/bin'
[2.188s] Level 1:colcon.colcon_core.environment:checking '/home/redshift/ros2_ws/install/bz_package/lib/pkgconfig/bz_package.pc'
[2.188s] Level 1:colcon.colcon_core.environment:checking '/home/redshift/ros2_ws/install/bz_package/lib/python3.10/site-packages'
[2.188s] Level 1:colcon.colcon_core.shell:create_environment_hook('bz_package', 'pythonpath')
[2.201s] INFO:colcon.colcon_core.shell:Creating environment hook '/home/redshift/ros2_ws/install/bz_package/share/bz_package/hook/pythonpath.ps1'
[2.201s] INFO:colcon.colcon_core.shell:Creating environment descriptor '/home/redshift/ros2_ws/install/bz_package/share/bz_package/hook/pythonpath.dsv'
[2.202s] INFO:colcon.colcon_core.shell:Creating environment hook '/home/redshift/ros2_ws/install/bz_package/share/bz_package/hook/pythonpath.sh'
[2.202s] Level 1:colcon.colcon_core.environment:checking '/home/redshift/ros2_ws/install/bz_package/bin'
[2.202s] Level 1:colcon.colcon_core.environment:create_environment_scripts_only(bz_package)
[2.215s] INFO:colcon.colcon_core.shell:Creating package script '/home/redshift/ros2_ws/install/bz_package/share/bz_package/package.ps1'
[2.216s] INFO:colcon.colcon_core.shell:Creating package descriptor '/home/redshift/ros2_ws/install/bz_package/share/bz_package/package.dsv'
[2.216s] INFO:colcon.colcon_core.shell:Creating package script '/home/redshift/ros2_ws/install/bz_package/share/bz_package/package.sh'
[2.216s] INFO:colcon.colcon_core.shell:Creating package script '/home/redshift/ros2_ws/install/bz_package/share/bz_package/package.bash'
[2.216s] INFO:colcon.colcon_core.shell:Creating package script '/home/redshift/ros2_ws/install/bz_package/share/bz_package/package.zsh'
[2.217s] Level 1:colcon.colcon_core.environment:create_file_with_runtime_dependencies(/home/redshift/ros2_ws/install/bz_package/share/colcon-core/packages/bz_package)
[2.217s] DEBUG:colcon.colcon_parallel_executor.executor.parallel:closing loop
[2.217s] DEBUG:colcon.colcon_parallel_executor.executor.parallel:loop closed
[2.217s] DEBUG:colcon.colcon_parallel_executor.executor.parallel:run_until_complete finished with '0'
[2.217s] DEBUG:colcon.colcon_core.event_reactor:joining thread
[2.236s] INFO:colcon.colcon_core.plugin_system:Skipping extension 'colcon_notification.desktop_notification.terminal_notifier': Not used on non-Darwin systems
[2.237s] INFO:colcon.colcon_core.plugin_system:Skipping extension 'colcon_notification.desktop_notification.win32': Not used on non-Windows systems
[2.237s] INFO:colcon.colcon_notification.desktop_notification:Sending desktop notification using 'notify2'
[2.247s] DEBUG:colcon.colcon_core.event_reactor:joined thread
[2.261s] INFO:colcon.colcon_core.shell:Creating prefix script '/home/redshift/ros2_ws/install/local_setup.ps1'
[2.262s] INFO:colcon.colcon_core.shell:Creating prefix util module '/home/redshift/ros2_ws/install/_local_setup_util_ps1.py'
[2.263s] INFO:colcon.colcon_core.shell:Creating prefix chain script '/home/redshift/ros2_ws/install/setup.ps1'
[2.278s] INFO:colcon.colcon_core.shell:Creating prefix script '/home/redshift/ros2_ws/install/local_setup.sh'
[2.278s] INFO:colcon.colcon_core.shell:Creating prefix util module '/home/redshift/ros2_ws/install/_local_setup_util_sh.py'
[2.279s] INFO:colcon.colcon_core.shell:Creating prefix chain script '/home/redshift/ros2_ws/install/setup.sh'
[2.293s] INFO:colcon.colcon_core.shell:Creating prefix script '/home/redshift/ros2_ws/install/local_setup.bash'
[2.294s] INFO:colcon.colcon_core.shell:Creating prefix chain script '/home/redshift/ros2_ws/install/setup.bash'
[2.308s] INFO:colcon.colcon_core.shell:Creating prefix script '/home/redshift/ros2_ws/install/local_setup.zsh'
[2.309s] INFO:colcon.colcon_core.shell:Creating prefix chain script '/home/redshift/ros2_ws/install/setup.zsh'
