running egg_info
creating ../../build/bz_package/bz_package.egg-info
writing ../../build/bz_package/bz_package.egg-info/PKG-INFO
writing dependency_links to ../../build/bz_package/bz_package.egg-info/dependency_links.txt
writing entry points to ../../build/bz_package/bz_package.egg-info/entry_points.txt
writing requirements to ../../build/bz_package/bz_package.egg-info/requires.txt
writing top-level names to ../../build/bz_package/bz_package.egg-info/top_level.txt
writing manifest file '../../build/bz_package/bz_package.egg-info/SOURCES.txt'
reading manifest file '../../build/bz_package/bz_package.egg-info/SOURCES.txt'
writing manifest file '../../build/bz_package/bz_package.egg-info/SOURCES.txt'
running build
running build_py
creating /home/redshift/ros2_ws/build/bz_package/build
creating /home/redshift/ros2_ws/build/bz_package/build/lib
creating /home/redshift/ros2_ws/build/bz_package/build/lib/bz_package
copying bz_package/bz_node.py -> /home/redshift/ros2_ws/build/bz_package/build/lib/bz_package
copying bz_package/__init__.py -> /home/redshift/ros2_ws/build/bz_package/build/lib/bz_package
running install
running install_lib
creating /home/redshift/ros2_ws/install/bz_package/lib/python3.10/site-packages/bz_package
copying /home/redshift/ros2_ws/build/bz_package/build/lib/bz_package/bz_node.py -> /home/redshift/ros2_ws/install/bz_package/lib/python3.10/site-packages/bz_package
copying /home/redshift/ros2_ws/build/bz_package/build/lib/bz_package/__init__.py -> /home/redshift/ros2_ws/install/bz_package/lib/python3.10/site-packages/bz_package
byte-compiling /home/redshift/ros2_ws/install/bz_package/lib/python3.10/site-packages/bz_package/bz_node.py to bz_node.cpython-310.pyc
byte-compiling /home/redshift/ros2_ws/install/bz_package/lib/python3.10/site-packages/bz_package/__init__.py to __init__.cpython-310.pyc
running install_data
creating /home/redshift/ros2_ws/install/bz_package/share/ament_index
creating /home/redshift/ros2_ws/install/bz_package/share/ament_index/resource_index
creating /home/redshift/ros2_ws/install/bz_package/share/ament_index/resource_index/packages
copying resource/bz_package -> /home/redshift/ros2_ws/install/bz_package/share/ament_index/resource_index/packages
copying package.xml -> /home/redshift/ros2_ws/install/bz_package/share/bz_package
running install_egg_info
Copying ../../build/bz_package/bz_package.egg-info to /home/redshift/ros2_ws/install/bz_package/lib/python3.10/site-packages/bz_package-0.0.0-py3.10.egg-info
running install_scripts
Installing bz_node script to /home/redshift/ros2_ws/install/bz_package/lib/bz_package
writing list of installed files to '/home/redshift/ros2_ws/build/bz_package/install.log'
