[0.648s] Invoking command in '/home/redshift/ros2_ws/src/bz_package': PYTHONPATH=/home/redshift/ros2_ws/build/bz_package/prefix_override:/home/redshift/ros2_ws/install/bz_package/lib/python3.10/site-packages:${PYTHONPATH} /usr/bin/python3 setup.py egg_info --egg-base ../../build/bz_package build --build-base /home/redshift/ros2_ws/build/bz_package/build install --record /home/redshift/ros2_ws/build/bz_package/install.log --single-version-externally-managed
[0.848s] running egg_info
[0.849s] creating ../../build/bz_package/bz_package.egg-info
[0.849s] writing ../../build/bz_package/bz_package.egg-info/PKG-INFO
[0.849s] writing dependency_links to ../../build/bz_package/bz_package.egg-info/dependency_links.txt
[0.849s] writing entry points to ../../build/bz_package/bz_package.egg-info/entry_points.txt
[0.850s] writing requirements to ../../build/bz_package/bz_package.egg-info/requires.txt
[0.850s] writing top-level names to ../../build/bz_package/bz_package.egg-info/top_level.txt
[0.850s] writing manifest file '../../build/bz_package/bz_package.egg-info/SOURCES.txt'
[0.851s] reading manifest file '../../build/bz_package/bz_package.egg-info/SOURCES.txt'
[0.851s] writing manifest file '../../build/bz_package/bz_package.egg-info/SOURCES.txt'
[0.852s] running build
[0.852s] running build_py
[0.852s] creating /home/redshift/ros2_ws/build/bz_package/build
[0.852s] creating /home/redshift/ros2_ws/build/bz_package/build/lib
[0.852s] creating /home/redshift/ros2_ws/build/bz_package/build/lib/bz_package
[0.852s] copying bz_package/bz_node.py -> /home/redshift/ros2_ws/build/bz_package/build/lib/bz_package
[0.852s] copying bz_package/__init__.py -> /home/redshift/ros2_ws/build/bz_package/build/lib/bz_package
[0.852s] running install
[0.852s] /usr/lib/python3/dist-packages/setuptools/command/install.py:34: SetuptoolsDeprecationWarning: setup.py install is deprecated. Use build and pip and other standards-based tools.
[0.852s]   warnings.warn(
[0.853s] running install_lib
[0.853s] creating /home/redshift/ros2_ws/install/bz_package/lib/python3.10/site-packages/bz_package
[0.853s] copying /home/redshift/ros2_ws/build/bz_package/build/lib/bz_package/bz_node.py -> /home/redshift/ros2_ws/install/bz_package/lib/python3.10/site-packages/bz_package
[0.854s] copying /home/redshift/ros2_ws/build/bz_package/build/lib/bz_package/__init__.py -> /home/redshift/ros2_ws/install/bz_package/lib/python3.10/site-packages/bz_package
[0.854s] byte-compiling /home/redshift/ros2_ws/install/bz_package/lib/python3.10/site-packages/bz_package/bz_node.py to bz_node.cpython-310.pyc
[0.854s] byte-compiling /home/redshift/ros2_ws/install/bz_package/lib/python3.10/site-packages/bz_package/__init__.py to __init__.cpython-310.pyc
[0.854s] running install_data
[0.855s] creating /home/redshift/ros2_ws/install/bz_package/share/ament_index
[0.855s] creating /home/redshift/ros2_ws/install/bz_package/share/ament_index/resource_index
[0.855s] creating /home/redshift/ros2_ws/install/bz_package/share/ament_index/resource_index/packages
[0.855s] copying resource/bz_package -> /home/redshift/ros2_ws/install/bz_package/share/ament_index/resource_index/packages
[0.855s] copying package.xml -> /home/redshift/ros2_ws/install/bz_package/share/bz_package
[0.855s] running install_egg_info
[0.857s] Copying ../../build/bz_package/bz_package.egg-info to /home/redshift/ros2_ws/install/bz_package/lib/python3.10/site-packages/bz_package-0.0.0-py3.10.egg-info
[0.857s] running install_scripts
[0.874s] Installing bz_node script to /home/redshift/ros2_ws/install/bz_package/lib/bz_package
[0.875s] writing list of installed files to '/home/redshift/ros2_ws/build/bz_package/install.log'
[0.893s] Invoked command in '/home/redshift/ros2_ws/src/bz_package' returned '0': PYTHONPATH=/home/redshift/ros2_ws/build/bz_package/prefix_override:/home/redshift/ros2_ws/install/bz_package/lib/python3.10/site-packages:${PYTHONPATH} /usr/bin/python3 setup.py egg_info --egg-base ../../build/bz_package build --build-base /home/redshift/ros2_ws/build/bz_package/build install --record /home/redshift/ros2_ws/build/bz_package/install.log --single-version-externally-managed
