[0.050s] Invoking command in '/home/redshift/ros2_ws/build/my_package': CMAKE_PREFIX_PATH=/opt/ros/humble /usr/bin/cmake /home/redshift/ros2_ws/src/my_package -DCMAKE_INSTALL_PREFIX=/home/redshift/ros2_ws/install/my_package
[0.266s] -- The C compiler identification is GNU 11.4.0
[0.469s] -- The CXX compiler identification is GNU 11.4.0
[0.480s] -- Detecting C compiler ABI info
[0.578s] -- Detecting C compiler ABI info - done
[0.585s] -- Check for working C compiler: /usr/bin/cc - skipped
[0.585s] -- Detecting C compile features
[0.586s] -- Detecting C compile features - done
[0.590s] -- Detecting CXX compiler ABI info
[0.733s] -- Detecting CXX compiler ABI info - done
[0.741s] -- Check for working CXX compiler: /usr/bin/c++ - skipped
[0.741s] -- Detecting CXX compile features
[0.742s] -- Detecting CXX compile features - done
[0.755s] -- Found ament_cmake: 1.3.6 (/opt/ros/humble/share/ament_cmake/cmake)
[0.905s] -- Found Python3: /usr/bin/python3.10 (found version "3.10.12") found components: Interpreter 
[0.995s] -- Found ament_lint_auto: 0.12.9 (/opt/ros/humble/share/ament_lint_auto/cmake)
[1.068s] -- Added test 'cppcheck' to perform static code analysis on C / C++ code
[1.068s] -- Configured cppcheck include dirs: $<BUILD_INTERFACE:/home/redshift/ros2_ws/src/my_package/include>
[1.069s] -- Configured cppcheck exclude dirs and/or files: 
[1.069s] -- Added test 'lint_cmake' to check CMake code style
[1.071s] -- Added test 'uncrustify' to check C / C++ code style
[1.071s] -- Configured uncrustify additional arguments: 
[1.071s] -- Added test 'xmllint' to check XML markup files
[1.073s] -- Configuring done
[1.077s] -- Generating done
[1.078s] -- Build files have been written to: /home/redshift/ros2_ws/build/my_package
[1.082s] Invoked command in '/home/redshift/ros2_ws/build/my_package' returned '0': CMAKE_PREFIX_PATH=/opt/ros/humble /usr/bin/cmake /home/redshift/ros2_ws/src/my_package -DCMAKE_INSTALL_PREFIX=/home/redshift/ros2_ws/install/my_package
[1.084s] Invoking command in '/home/redshift/ros2_ws/build/my_package': CMAKE_PREFIX_PATH=/opt/ros/humble /usr/bin/cmake --build /home/redshift/ros2_ws/build/my_package -- -j12 -l12
[1.124s] [ 50%] [32mBuilding CXX object CMakeFiles/my_node.dir/src/my_node.cpp.o[0m
[1.192s] [100%] [32m[1mLinking CXX executable my_node[0m
[1.286s] [100%] Built target my_node
[1.296s] Invoked command in '/home/redshift/ros2_ws/build/my_package' returned '0': CMAKE_PREFIX_PATH=/opt/ros/humble /usr/bin/cmake --build /home/redshift/ros2_ws/build/my_package -- -j12 -l12
[1.326s] Invoking command in '/home/redshift/ros2_ws/build/my_package': CMAKE_PREFIX_PATH=/opt/ros/humble /usr/bin/cmake --install /home/redshift/ros2_ws/build/my_package
[1.335s] -- Install configuration: ""
[1.335s] -- Installing: /home/redshift/ros2_ws/install/my_package/lib/my_package/my_node
[1.335s] -- Installing: /home/redshift/ros2_ws/install/my_package/share/ament_index/resource_index/package_run_dependencies/my_package
[1.336s] -- Installing: /home/redshift/ros2_ws/install/my_package/share/ament_index/resource_index/parent_prefix_path/my_package
[1.336s] -- Installing: /home/redshift/ros2_ws/install/my_package/share/my_package/environment/ament_prefix_path.sh
[1.336s] -- Installing: /home/redshift/ros2_ws/install/my_package/share/my_package/environment/ament_prefix_path.dsv
[1.336s] -- Installing: /home/redshift/ros2_ws/install/my_package/share/my_package/environment/path.sh
[1.336s] -- Installing: /home/redshift/ros2_ws/install/my_package/share/my_package/environment/path.dsv
[1.336s] -- Installing: /home/redshift/ros2_ws/install/my_package/share/my_package/local_setup.bash
[1.337s] -- Installing: /home/redshift/ros2_ws/install/my_package/share/my_package/local_setup.sh
[1.337s] -- Installing: /home/redshift/ros2_ws/install/my_package/share/my_package/local_setup.zsh
[1.337s] -- Installing: /home/redshift/ros2_ws/install/my_package/share/my_package/local_setup.dsv
[1.337s] -- Installing: /home/redshift/ros2_ws/install/my_package/share/my_package/package.dsv
[1.337s] -- Installing: /home/redshift/ros2_ws/install/my_package/share/ament_index/resource_index/packages/my_package
[1.337s] -- Installing: /home/redshift/ros2_ws/install/my_package/share/my_package/cmake/my_packageConfig.cmake
[1.338s] -- Installing: /home/redshift/ros2_ws/install/my_package/share/my_package/cmake/my_packageConfig-version.cmake
[1.338s] -- Installing: /home/redshift/ros2_ws/install/my_package/share/my_package/package.xml
[1.340s] Invoked command in '/home/redshift/ros2_ws/build/my_package' returned '0': CMAKE_PREFIX_PATH=/opt/ros/humble /usr/bin/cmake --install /home/redshift/ros2_ws/build/my_package
